#! /usr/bin/vvp
:ivl_version "11.0 (stable)";
:ivl_delay_selection "TYPICAL";
:vpi_time_precision + 0;
:vpi_module "/usr/lib64/ivl/system.vpi";
:vpi_module "/usr/lib64/ivl/vhdl_sys.vpi";
:vpi_module "/usr/lib64/ivl/vhdl_textio.vpi";
:vpi_module "/usr/lib64/ivl/v2005_math.vpi";
:vpi_module "/usr/lib64/ivl/va_math.vpi";
S_0x562fc6f3ea70 .scope module, "and_gate" "and_gate" 2 1;
 .timescale 0 0;
    .port_info 0 /INPUT 1 "a";
    .port_info 1 /INPUT 1 "b";
    .port_info 2 /OUTPUT 1 "y";
o0x7f9ee586b018 .functor BUFZ 1, C4<z>; HiZ drive
o0x7f9ee586b048 .functor BUFZ 1, C4<z>; HiZ drive
L_0x562fc6f4dec0 .functor AND 1, o0x7f9ee586b018, o0x7f9ee586b048, C4<1>, C4<1>;
v0x562fc6f05cf0_0 .net "a", 0 0, o0x7f9ee586b018;  0 drivers
v0x562fc6f4d960_0 .net "b", 0 0, o0x7f9ee586b048;  0 drivers
v0x562fc6f4da20_0 .net "y", 0 0, L_0x562fc6f4dec0;  1 drivers
S_0x562fc6f3ec50 .scope module, "nand_gate" "nand_gate" 2 11;
 .timescale 0 0;
    .port_info 0 /INPUT 1 "a";
    .port_info 1 /INPUT 1 "b";
    .port_info 2 /OUTPUT 1 "y";
o0x7f9ee586b168 .functor BUFZ 1, C4<z>; HiZ drive
o0x7f9ee586b198 .functor BUFZ 1, C4<z>; HiZ drive
L_0x562fc6f4dfc0 .functor AND 1, o0x7f9ee586b168, o0x7f9ee586b198, C4<1>, C4<1>;
L_0x562fc6f4e0c0 .functor NOT 1, L_0x562fc6f4dfc0, C4<0>, C4<0>, C4<0>;
v0x562fc6f4db40_0 .net *"_ivl_0", 0 0, L_0x562fc6f4dfc0;  1 drivers
v0x562fc6f4dc20_0 .net "a", 0 0, o0x7f9ee586b168;  0 drivers
v0x562fc6f4dce0_0 .net "b", 0 0, o0x7f9ee586b198;  0 drivers
v0x562fc6f4dd80_0 .net "y", 0 0, L_0x562fc6f4e0c0;  1 drivers
# The file index is used to find the file name in the following table.
:file_names 3;
    "N/A";
    "<interactive>";
    "simplegate.v";
